<?xml version="1.0" encoding="UTF-8"?>
<testng-results ignored="0" total="1" passed="1" failed="0" skipped="0">
  <reporter-output>
  </reporter-output>
  <suite started-at="2024-06-12T12:54:14 IST" name="Default suite" finished-at="2024-06-12T12:54:21 IST" duration-ms="6955">
    <groups>
    </groups>
    <test started-at="2024-06-12T12:54:14 IST" name="Default test" finished-at="2024-06-12T12:54:21 IST" duration-ms="6955">
      <class name="assignment_blazedemo_test.Test_blazedemo">
        <test-method is-config="true" signature="tb()[pri:0, instance:assignment_blazedemo_test.Test_blazedemo@6cf0e0ba]" started-at="2024-06-12T12:54:14 IST" name="tb" finished-at="2024-06-12T12:54:15 IST" duration-ms="1352" status="PASS">
          <reporter-output>
          </reporter-output>
        </test-method> <!-- tb -->
        <test-method is-config="true" signature="tb1()[pri:0, instance:assignment_blazedemo_test.Test_blazedemo@6cf0e0ba]" started-at="2024-06-12T12:54:15 IST" name="tb1" finished-at="2024-06-12T12:54:18 IST" duration-ms="2561" status="PASS">
          <reporter-output>
          </reporter-output>
        </test-method> <!-- tb1 -->
        <test-method signature="tst()[pri:0, instance:assignment_blazedemo_test.Test_blazedemo@6cf0e0ba]" started-at="2024-06-12T12:54:18 IST" name="tst" finished-at="2024-06-12T12:54:21 IST" duration-ms="3009" status="PASS">
          <reporter-output>
          </reporter-output>
        </test-method> <!-- tst -->
      </class> <!-- assignment_blazedemo_test.Test_blazedemo -->
    </test> <!-- Default test -->
  </suite> <!-- Default suite -->
</testng-results>
